INFO: [VRFC 10-2263] Analyzing Verilog file "D:/SJTU/archlabs/lab05/lab05.srcs/sources_1/imports/archlabs/lab03/lab03.srcs/sources_1/new/ALU.v" into library xil_defaultlib
INFO: [VRFC 10-311] analyzing module ALU
INFO: [VRFC 10-2263] Analyzing Verilog file "D:/SJTU/archlabs/lab05/lab05.srcs/sources_1/imports/archlabs/lab03/lab03.srcs/sources_1/new/ALUCtr.v" into library xil_defaultlib
INFO: [VRFC 10-311] analyzing module ALUCtr
INFO: [VRFC 10-2263] Analyzing Verilog file "D:/SJTU/archlabs/lab05/lab05.srcs/sources_1/new/Adder.v" into library xil_defaultlib
INFO: [VRFC 10-311] analyzing module Adder
INFO: [VRFC 10-2263] Analyzing Verilog file "D:/SJTU/archlabs/lab05/lab05.srcs/sources_1/imports/archlabs/lab03/lab03.srcs/sources_1/new/Ctr.v" into library xil_defaultlib
INFO: [VRFC 10-311] analyzing module Ctr
INFO: [VRFC 10-2263] Analyzing Verilog file "D:/SJTU/archlabs/lab05/lab05.srcs/sources_1/new/InstMemory.v" into library xil_defaultlib
INFO: [VRFC 10-311] analyzing module InstMemory
INFO: [VRFC 10-2263] Analyzing Verilog file "D:/SJTU/archlabs/lab05/lab05.srcs/sources_1/new/MUX_32bits.v" into library xil_defaultlib
INFO: [VRFC 10-311] analyzing module MUX_32bits
INFO: [VRFC 10-2263] Analyzing Verilog file "D:/SJTU/archlabs/lab05/lab05.srcs/sources_1/new/MUX_5bits.v" into library xil_defaultlib
INFO: [VRFC 10-311] analyzing module MUX_5bits
INFO: [VRFC 10-2263] Analyzing Verilog file "D:/SJTU/archlabs/lab05/lab05.srcs/sources_1/new/PC.v" into library xil_defaultlib
INFO: [VRFC 10-311] analyzing module PC
INFO: [VRFC 10-2263] Analyzing Verilog file "D:/SJTU/archlabs/lab05/lab05.srcs/sources_1/imports/archlabs/lab04/lab04.srcs/sources_1/new/Registers.v" into library xil_defaultlib
INFO: [VRFC 10-311] analyzing module Registers
INFO: [VRFC 10-2263] Analyzing Verilog file "D:/SJTU/archlabs/lab05/lab05.srcs/sources_1/new/Top.v" into library xil_defaultlib
INFO: [VRFC 10-311] analyzing module Top
INFO: [VRFC 10-2263] Analyzing Verilog file "D:/SJTU/archlabs/lab05/lab05.srcs/sources_1/imports/archlabs/lab04/lab04.srcs/sources_1/new/dataMemory.v" into library xil_defaultlib
INFO: [VRFC 10-311] analyzing module dataMemory
INFO: [VRFC 10-2263] Analyzing Verilog file "D:/SJTU/archlabs/lab05/lab05.srcs/sources_1/imports/archlabs/lab04/lab04.srcs/sources_1/new/signext.v" into library xil_defaultlib
INFO: [VRFC 10-311] analyzing module signext
INFO: [VRFC 10-2263] Analyzing Verilog file "D:/SJTU/archlabs/lab05/lab05.srcs/sim_1/new/Top_tb.v" into library xil_defaultlib
INFO: [VRFC 10-311] analyzing module Top_tb
